#
# There is insufficient memory for the Java Runtime Environment to continue.
# Native memory allocation (mmap) failed to map 199229440 bytes for Failed to commit area from 0x0000000702200000 to 0x000000070e000000 of length 199229440.
# Possible reasons:
#   The system is out of physical RAM or swap space
#   The process is running with CompressedOops enabled, and the Java Heap may be blocking the growth of the native heap
# Possible solutions:
#   Reduce memory load on the system
#   Increase physical memory or swap space
#   Check if swap backing store is full
#   Decrease Java heap size (-Xmx/-Xms)
#   Decrease number of Java threads
#   Decrease Java thread stack sizes (-Xss)
#   Set larger code cache with -XX:ReservedCodeCacheSize=
# This output file may be truncated or incomplete.
#
#  Out of Memory Error (t:/workspace/open/src/hotspot/os/windows/os_windows.cpp:3221), pid=21568, tid=21600
#
# JRE version:  (10.0.1+10) (build )
# Java VM: Java HotSpot(TM) 64-Bit Server VM (10.0.1+10, mixed mode, aot, tiered, compressed oops, g1 gc, windows-amd64)
# No core dump will be written. Minidumps are not enabled by default on client versions of Windows
#

---------------  S U M M A R Y ------------

Command Line: -Dfile.encoding=UTF-8 com.blackjack.Main

Host: Intel(R) Core(TM) i5-6200U CPU @ 2.30GHz, 4 cores, 11G,  Windows 10 , 64 bit Build 17134 (10.0.17134.1)
Time: Sat Aug 25 15:32:09 2018 ¢¥eCN©öI¡¾©ö C¡ÍA¨ª¨öA elapsed time: 0 seconds (0d 0h 0m 0s)

---------------  T H R E A D  ---------------

Current thread (0x00000261a1331000):  JavaThread "Unknown thread" [_thread_in_vm, id=21600, stack(0x0000008960800000,0x0000008960900000)]

Stack: [0x0000008960800000,0x0000008960900000]
Native frames: (J=compiled Java code, j=interpreted, Vv=VM code, C=native code)
V  [jvm.dll+0x5a0369]
V  [jvm.dll+0x6bcf81]
V  [jvm.dll+0x6be176]
V  [jvm.dll+0x6be803]
V  [jvm.dll+0x234998]
V  [jvm.dll+0x59dc74]
V  [jvm.dll+0x592ab5]
V  [jvm.dll+0x2f625b]
V  [jvm.dll+0x2f61c5]
V  [jvm.dll+0x2f60a2]
V  [jvm.dll+0x2f8286]
V  [jvm.dll+0x3440d3]
V  [jvm.dll+0x3447e6]
V  [jvm.dll+0x3441d3]
V  [jvm.dll+0x2c43b8]
V  [jvm.dll+0x2c5501]
V  [jvm.dll+0x69d33b]
V  [jvm.dll+0x69eb5c]
V  [jvm.dll+0x351849]
V  [jvm.dll+0x6859c2]
V  [jvm.dll+0x3ba0a3]
V  [jvm.dll+0x3bc201]
C  [javaw.exe+0x3541]
C  [javaw.exe+0xe1cf]
C  [javaw.exe+0xe376]
C  [KERNEL32.DLL+0x13034]
C  [ntdll.dll+0x71431]


---------------  P R O C E S S  ---------------

Threads class SMR info:
_java_thread_list=0x000002619eeb5a30, length=0, elements={
}

Java Threads: ( => current thread )

Other Threads:
  0x00000261a134b000 GCTaskThread "GC Thread#0" [stack: 0x0000008960900000,0x0000008960a00000] [id=21604]
  0x00000261a134d800 GCTaskThread "GC Thread#1" [stack: 0x0000008960a00000,0x0000008960b00000] [id=21608]
  0x00000261a1351000 GCTaskThread "GC Thread#2" [stack: 0x0000008960b00000,0x0000008960c00000] [id=21612]
  0x00000261a1353000 GCTaskThread "GC Thread#3" [stack: 0x0000008960c00000,0x0000008960d00000] [id=21616]
  0x00000261a13ff800 ConcurrentGCThread "G1 Main Marker" [stack: 0x0000008960d00000,0x0000008960e00000] [id=21620]
  0x00000261a140a000 ConcurrentGCThread "G1 Conc#0" [stack: 0x0000008960e00000,0x0000008960f00000] [id=21624]

[error occurred during error reporting (printing all threads), id 0xe0000002]

VM state:not at safepoint (not fully initialized)

VM Mutex/Monitor currently owned by a thread:  ([mutex/lock_event])
[0x00000261a132f2c0] Heap_lock - owner thread: 0x00000261a1331000

Heap address: 0x0000000702200000, size: 3038 MB, Compressed Oops mode: Non-zero based: 0x0000000702200000
Narrow klass base: 0x0000000000000000, Narrow klass shift: 0

GC Heap History (0 events):
No events

Deoptimization events (0 events):
No events

Classes redefined (0 events):
No events

Internal exceptions (0 events):
No events

Events (0 events):
No events


Dynamic libraries:
0x00007ff61b6b0000 - 0x00007ff61b6ee000 	C:\Program Files\Java\jre-10.0.1\bin\javaw.exe
0x00007ff8c9ad0000 - 0x00007ff8c9cb1000 	C:\WINDOWS\SYSTEM32\ntdll.dll
0x00007ff8bada0000 - 0x00007ff8badd4000 	C:\Program Files\AVAST Software\Avast\x64\aswhooka.dll
0x00007ff8c9710000 - 0x00007ff8c97c2000 	C:\WINDOWS\System32\KERNEL32.DLL
0x00007ff8c5ea0000 - 0x00007ff8c6113000 	C:\WINDOWS\System32\KERNELBASE.dll
0x00007ff8c75b0000 - 0x00007ff8c7651000 	C:\WINDOWS\System32\ADVAPI32.dll
0x00007ff8c9670000 - 0x00007ff8c970e000 	C:\WINDOWS\System32\msvcrt.dll
0x00007ff8c95e0000 - 0x00007ff8c963b000 	C:\WINDOWS\System32\sechost.dll
0x00007ff8c9950000 - 0x00007ff8c9a74000 	C:\WINDOWS\System32\RPCRT4.dll
0x00007ff8c78b0000 - 0x00007ff8c7a40000 	C:\WINDOWS\System32\USER32.dll
0x00007ff8c6e50000 - 0x00007ff8c6e70000 	C:\WINDOWS\System32\win32u.dll
0x00007ff8c9640000 - 0x00007ff8c9668000 	C:\WINDOWS\System32\GDI32.dll
0x00007ff8c6120000 - 0x00007ff8c62b2000 	C:\WINDOWS\System32\gdi32full.dll
0x00007ff8c6ec0000 - 0x00007ff8c6f5f000 	C:\WINDOWS\System32\msvcp_win.dll
0x00007ff8c6cf0000 - 0x00007ff8c6dea000 	C:\WINDOWS\System32\ucrtbase.dll
0x00007ff8b9920000 - 0x00007ff8b9b89000 	C:\WINDOWS\WinSxS\amd64_microsoft.windows.common-controls_6595b64144ccf1df_6.0.17134.228_none_fb4599993062b194\COMCTL32.dll
0x00007ff8c90e0000 - 0x00007ff8c9403000 	C:\WINDOWS\System32\combase.dll
0x00007ff8c6560000 - 0x00007ff8c65da000 	C:\WINDOWS\System32\bcryptPrimitives.dll
0x00007ff8bb110000 - 0x00007ff8bb11a000 	C:\WINDOWS\SYSTEM32\VERSION.dll
0x00007ff8c7520000 - 0x00007ff8c754d000 	C:\WINDOWS\System32\IMM32.DLL
0x00007ff899540000 - 0x00007ff89962f000 	C:\Program Files\Java\jre-10.0.1\bin\msvcr120.dll
0x00007ff89aa10000 - 0x00007ff89aab6000 	C:\Program Files\Java\jre-10.0.1\bin\msvcp120.dll
0x0000000072bc0000 - 0x0000000073630000 	C:\Program Files\Java\jre-10.0.1\bin\server\jvm.dll
0x00007ff8c7660000 - 0x00007ff8c7668000 	C:\WINDOWS\System32\PSAPI.DLL
0x00007ff8c4a20000 - 0x00007ff8c4a29000 	C:\WINDOWS\SYSTEM32\WSOCK32.dll
0x00007ff8c9410000 - 0x00007ff8c947c000 	C:\WINDOWS\System32\WS2_32.dll
0x00007ff8bb120000 - 0x00007ff8bb143000 	C:\WINDOWS\SYSTEM32\WINMM.dll
0x00007ff8bb0e0000 - 0x00007ff8bb10a000 	C:\WINDOWS\SYSTEM32\WINMMBASE.dll
0x00007ff8c6e70000 - 0x00007ff8c6eb9000 	C:\WINDOWS\System32\cfgmgr32.dll
0x00007ff8bb5b0000 - 0x00007ff8bb5bf000 	C:\Program Files\Java\jre-10.0.1\bin\verify.dll
0x00007ff8c4800000 - 0x00007ff8c49c9000 	C:\WINDOWS\SYSTEM32\DBGHELP.DLL
0x00007ff8beaf0000 - 0x00007ff8beb19000 	C:\WINDOWS\SYSTEM32\dbgcore.DLL
0x00007ff8ae460000 - 0x00007ff8ae487000 	C:\Program Files\Java\jre-10.0.1\bin\java.dll
0x00007ff8b2f30000 - 0x00007ff8b2f46000 	C:\Program Files\Java\jre-10.0.1\bin\zip.dll
0x00007ff8ba2b0000 - 0x00007ff8ba2ba000 	C:\Program Files\Java\jre-10.0.1\bin\jimage.dll

dbghelp: loaded successfully - version: 4.0.5 - missing functions: none
symbol engine: initialized successfully - sym options: 0x614 - pdb path: .;C:\Program Files\Java\jre-10.0.1\bin;C:\WINDOWS\SYSTEM32;C:\Program Files\AVAST Software\Avast\x64;C:\WINDOWS\WinSxS\amd64_microsoft.windows.common-controls_6595b64144ccf1df_6.0.17134.228_none_fb4599993062b194;C:\Program Files\Java\jre-10.0.1\bin\server

VM Arguments:
jvm_args: -Dfile.encoding=UTF-8 
java_command: com.blackjack.Main
java_class_path (initial): C:\Users\gsa23\Documents\workspace-sts-3.9.4.RELEASE\Blackjack\bin
Launcher Type: SUN_STANDARD

Logging:
Log output configuration:
#0: stdout all=warning uptime,level,tags
#1: stderr all=off uptime,level,tags

Environment Variables:
JAVA_HOME=C:\Program Files (x86)\Java\jdk1.6.0_22
PATH=C:\oraclexe\app\oracle\product\11.2.0\server\bin;"C:\Program Files\Java\jdk1.7.0_15\bin;";C:\Program Files (x86)\Common Files\Oracle\Java\javapath;C:\ProgramData\Oracle\Java\javapath;C:\Program Files (x86)\Java\jdk1.6.0_22\Bin;C:\WINDOWS\system32;C:\WINDOWS;C:\WINDOWS\System32\Wbem;C:\WINDOWS\System32\WindowsPowerShell\v1.0\;C:\Program Files (x86)\NVIDIA Corporation\PhysX\Common;C:\WINDOWS\system32;C:\WINDOWS;C:\WINDOWS\System32\Wbem;C:\WINDOWS\System32\WindowsPowerShell\v1.0\;C:\WINDOWS\System32\OpenSSH\;C:\Program Files (x86)\Java\jdk1.6.0_22\Bin;C:\Users\gsa23\AppData\Local\Microsoft\WindowsApps;C:\Users\gsa23\AppData\Local\GitHubDesktop\bin
USERNAME=°í±´
OS=Windows_NT
PROCESSOR_IDENTIFIER=Intel64 Family 6 Model 78 Stepping 3, GenuineIntel



---------------  S Y S T E M  ---------------

OS: Windows 10 , 64 bit Build 17134 (10.0.17134.1)

CPU:total 4 (initial active 4) (2 cores per cpu, 2 threads per core) family 6 model 78 stepping 3, cmov, cx8, fxsr, mmx, sse, sse2, sse3, ssse3, sse4.1, sse4.2, popcnt, avx, avx2, aes, clmul, erms, 3dnowpref, lzcnt, ht, tsc, tscinvbit, bmi1, bmi2, adx, fma

Memory: 4k page, physical 12440684k(6001020k free), swap 24868624k(47124k free)

vm_info: Java HotSpot(TM) 64-Bit Server VM (10.0.1+10) for windows-amd64 JRE (10.0.1+10), built on Mar 27 2018 02:27:48 by "mach5one" with MS VC++ 12.0 (VS2013)

END.
